This is XeTeX, Version 3.141592653-2.6-0.999993 (TeX Live 2022/dev/Debian) (preloaded format=xelatex 2024.5.30)  5 AUG 2024 15:31
entering extended mode
 restricted \write18 enabled.
 file:line:error style messages enabled.
 %&-line parsing enabled.
**/home/matin/Documents/University/Advanced/Project/Condottiere-/workReport/WorkReport.tex
(/home/matin/Documents/University/Advanced/Project/Condottiere-/workReport/WorkReport.tex
LaTeX2e <2021-11-15> patch level 1
L3 programming layer <2022-01-21> (/usr/share/texlive/texmf-dist/tex/latex/base/report.cls
Document Class: report 2021/10/04 v1.4n Standard LaTeX document class
(/usr/share/texlive/texmf-dist/tex/latex/base/size10.clo
File: size10.clo 2021/10/04 v1.4n Standard LaTeX file (size option)
)
\c@part=\count181
\c@chapter=\count182
\c@section=\count183
\c@subsection=\count184
\c@subsubsection=\count185
\c@paragraph=\count186
\c@subparagraph=\count187
\c@figure=\count188
\c@table=\count189
\abovecaptionskip=\skip47
\belowcaptionskip=\skip48
\bibindent=\dimen138
) (/usr/share/texlive/texmf-dist/tex/latex/graphics/graphicx.sty
Package: graphicx 2021/09/16 v1.2d Enhanced LaTeX Graphics (DPC,SPQR)
 (/usr/share/texlive/texmf-dist/tex/latex/graphics/keyval.sty
Package: keyval 2014/10/28 v1.15 key=value parser (DPC)
\KV@toks@=\toks16
) (/usr/share/texlive/texmf-dist/tex/latex/graphics/graphics.sty
Package: graphics 2021/03/04 v1.4d Standard LaTeX Graphics (DPC,SPQR)
 (/usr/share/texlive/texmf-dist/tex/latex/graphics/trig.sty
Package: trig 2021/08/11 v1.11 sin cos tan (DPC)
) (/usr/share/texlive/texmf-dist/tex/latex/graphics-cfg/graphics.cfg
File: graphics.cfg 2016/06/04 v1.11 sample graphics configuration
)
Package graphics Info: Driver file: xetex.def on input line 107.
 (/usr/share/texlive/texmf-dist/tex/latex/graphics-def/xetex.def
File: xetex.def 2021/03/18 v5.0k Graphics/color driver for xetex
))
\Gin@req@height=\dimen139
\Gin@req@width=\dimen140
) (/usr/share/texlive/texmf-dist/tex/latex/graphics/color.sty
Package: color 2021/12/07 v1.3c Standard LaTeX Color (DPC)
 (/usr/share/texlive/texmf-dist/tex/latex/graphics-cfg/color.cfg
File: color.cfg 2016/01/02 v1.6 sample color configuration
)
Package color Info: Driver file: xetex.def on input line 149.
) (/usr/share/texlive/texmf-dist/tex/latex/fancyhdr/fancyhdr.sty
Package: fancyhdr 2021/01/28 v4.0.1 Extensive control of page headers and footers
\f@nch@headwidth=\skip49
\f@nch@O@elh=\skip50
\f@nch@O@erh=\skip51
\f@nch@O@olh=\skip52
\f@nch@O@orh=\skip53
\f@nch@O@elf=\skip54
\f@nch@O@erf=\skip55
\f@nch@O@olf=\skip56
\f@nch@O@orf=\skip57
) (/usr/share/texlive/texmf-dist/tex/latex/hyperref/hyperref.sty
Package: hyperref 2021-06-07 v7.00m Hypertext links for LaTeX
 (/usr/share/texlive/texmf-dist/tex/generic/ltxcmds/ltxcmds.sty
Package: ltxcmds 2020-05-10 v1.25 LaTeX kernel commands for general use (HO)
) (/usr/share/texlive/texmf-dist/tex/generic/iftex/iftex.sty
Package: iftex 2020/03/06 v1.0d TeX engine tests
) (/usr/share/texlive/texmf-dist/tex/generic/pdftexcmds/pdftexcmds.sty
Package: pdftexcmds 2020-06-27 v0.33 Utility functions of pdfTeX for LuaTeX (HO)
 (/usr/share/texlive/texmf-dist/tex/generic/infwarerr/infwarerr.sty
Package: infwarerr 2019/12/03 v1.5 Providing info/warning/error messages (HO)
)
Package pdftexcmds Info: \pdf@primitive is available.
Package pdftexcmds Info: \pdf@ifprimitive is available.
Package pdftexcmds Info: \pdfdraftmode not found.
) (/usr/share/texlive/texmf-dist/tex/generic/kvsetkeys/kvsetkeys.sty
Package: kvsetkeys 2019/12/15 v1.18 Key value parser (HO)
) (/usr/share/texlive/texmf-dist/tex/generic/kvdefinekeys/kvdefinekeys.sty
Package: kvdefinekeys 2019-12-19 v1.6 Define keys (HO)
) (/usr/share/texlive/texmf-dist/tex/generic/pdfescape/pdfescape.sty
Package: pdfescape 2019/12/09 v1.15 Implements pdfTeX's escape features (HO)
) (/usr/share/texlive/texmf-dist/tex/latex/hycolor/hycolor.sty
Package: hycolor 2020-01-27 v1.10 Color options for hyperref/bookmark (HO)
) (/usr/share/texlive/texmf-dist/tex/latex/letltxmacro/letltxmacro.sty
Package: letltxmacro 2019/12/03 v1.6 Let assignment for LaTeX macros (HO)
) (/usr/share/texlive/texmf-dist/tex/latex/auxhook/auxhook.sty
Package: auxhook 2019-12-17 v1.6 Hooks for auxiliary files (HO)
) (/usr/share/texlive/texmf-dist/tex/latex/kvoptions/kvoptions.sty
Package: kvoptions 2020-10-07 v3.14 Key value format for package options (HO)
)
\@linkdim=\dimen141
\Hy@linkcounter=\count190
\Hy@pagecounter=\count191
 (/usr/share/texlive/texmf-dist/tex/latex/hyperref/pd1enc.def
File: pd1enc.def 2021-06-07 v7.00m Hyperref: PDFDocEncoding definition (HO)
) (/usr/share/texlive/texmf-dist/tex/latex/hyperref/hyperref-langpatches.def
File: hyperref-langpatches.def 2021-06-07 v7.00m Hyperref: patches for babel languages
) (/usr/share/texlive/texmf-dist/tex/generic/intcalc/intcalc.sty
Package: intcalc 2019/12/15 v1.3 Expandable calculations with integers (HO)
) (/usr/share/texlive/texmf-dist/tex/generic/etexcmds/etexcmds.sty
Package: etexcmds 2019/12/15 v1.7 Avoid name clashes with e-TeX commands (HO)
)
\Hy@SavedSpaceFactor=\count192
 (/usr/share/texlive/texmf-dist/tex/latex/hyperref/puenc.def
File: puenc.def 2021-06-07 v7.00m Hyperref: PDF Unicode definition (HO)
)
Package hyperref Info: Hyper figures OFF on input line 4192.
Package hyperref Info: Link nesting OFF on input line 4197.
Package hyperref Info: Hyper index ON on input line 4200.
Package hyperref Info: Plain pages OFF on input line 4207.
Package hyperref Info: Backreferencing OFF on input line 4212.
Package hyperref Info: Implicit mode ON; LaTeX internals redefined.
Package hyperref Info: Bookmarks ON on input line 4445.
\c@Hy@tempcnt=\count193
 (/usr/share/texlive/texmf-dist/tex/latex/url/url.sty
\Urlmuskip=\muskip16
Package: url 2013/09/16  ver 3.4  Verb mode for urls, etc.
)
LaTeX Info: Redefining \url on input line 4804.
\XeTeXLinkMargin=\dimen142
 (/usr/share/texlive/texmf-dist/tex/generic/bitset/bitset.sty
Package: bitset 2019/12/09 v1.3 Handle bit-vector datatype (HO)
 (/usr/share/texlive/texmf-dist/tex/generic/bigintcalc/bigintcalc.sty
Package: bigintcalc 2019/12/15 v1.5 Expandable calculations on big integers (HO)
))
\Fld@menulength=\count194
\Field@Width=\dimen143
\Fld@charsize=\dimen144
Package hyperref Info: Hyper figures OFF on input line 6076.
Package hyperref Info: Link nesting OFF on input line 6081.
Package hyperref Info: Hyper index ON on input line 6084.
Package hyperref Info: backreferencing OFF on input line 6091.
Package hyperref Info: Link coloring OFF on input line 6096.
Package hyperref Info: Link coloring with OCG OFF on input line 6101.
Package hyperref Info: PDF/A mode OFF on input line 6106.
LaTeX Info: Redefining \ref on input line 6146.
LaTeX Info: Redefining \pageref on input line 6150.
 (/usr/share/texlive/texmf-dist/tex/latex/base/atbegshi-ltx.sty
Package: atbegshi-ltx 2021/01/10 v1.0c Emulation of the original atbegshi
package with kernel methods
)
\Hy@abspage=\count195
\c@Item=\count196
\c@Hfootnote=\count197
)
Package hyperref Info: Driver (autodetected): hxetex.
 (/usr/share/texlive/texmf-dist/tex/latex/hyperref/hxetex.def
File: hxetex.def 2021-06-07 v7.00m Hyperref driver for XeTeX
 (/usr/share/texlive/texmf-dist/tex/generic/stringenc/stringenc.sty
Package: stringenc 2019/11/29 v1.12 Convert strings between diff. encodings (HO)
)
\pdfm@box=\box50
\c@Hy@AnnotLevel=\count198
\HyField@AnnotCount=\count199
\Fld@listcount=\count266
\c@bookmark@seq@number=\count267
 (/usr/share/texlive/texmf-dist/tex/latex/rerunfilecheck/rerunfilecheck.sty
Package: rerunfilecheck 2019/12/05 v1.9 Rerun checks for auxiliary files (HO)
 (/usr/share/texlive/texmf-dist/tex/latex/base/atveryend-ltx.sty
Package: atveryend-ltx 2020/08/19 v1.0a Emulation of the original atveryend package
with kernel methods
) (/usr/share/texlive/texmf-dist/tex/generic/uniquecounter/uniquecounter.sty
Package: uniquecounter 2019/12/15 v1.4 Provide unlimited unique counter (HO)
)
Package uniquecounter Info: New unique counter `rerunfilecheck' on input line 286.
)
\Hy@SectionHShift=\skip58
) (/usr/share/texlive/texmf-dist/tex/latex/fontsize/fontsize.sty
Package: fontsize 2021/08/04 v0.8.5 'fontsize' package. Set main font sizes (Ivan Valbusa)
 (/usr/share/texlive/texmf-dist/tex/latex/xkeyval/xkeyval.sty
Package: xkeyval 2020/11/20 v2.8 package option processing (HA)
 (/usr/share/texlive/texmf-dist/tex/generic/xkeyval/xkeyval.tex (/usr/share/texlive/texmf-dist/tex/generic/xkeyval/xkvutils.tex
\XKV@toks=\toks17
\XKV@tempa@toks=\toks18
)
\XKV@depth=\count268
File: xkeyval.tex 2014/12/03 v2.7a key=value parser (HA)
)) (/usr/share/texlive/texmf-dist/tex/latex/l3packages/xfp/xfp.sty (/usr/share/texlive/texmf-dist/tex/latex/l3kernel/expl3.sty
Package: expl3 2022-01-21 L3 programming layer (loader) 
 (/usr/share/texlive/texmf-dist/tex/latex/l3backend/l3backend-xetex.def
File: l3backend-xetex.def 2022-01-12 L3 backend support: XeTeX
 (|extractbb --version)
\c__kernel_sys_dvipdfmx_version_int=\count269
\l__color_backend_stack_int=\count270
\g__color_backend_stack_int=\count271
\g__graphics_track_int=\count272
\l__pdf_internal_box=\box51
\g__pdf_backend_object_int=\count273
\g__pdf_backend_annotation_int=\count274
\g__pdf_backend_link_int=\count275
))
Package: xfp 2022-01-12 L3 Floating point unit
)) (/usr/share/texlive/texmf-dist/tex/latex/background/background.sty
Package: background 2014/03/04 v2.1 background material
 (/usr/share/texlive/texmf-dist/tex/latex/pgf/frontendlayer/tikz.sty (/usr/share/texlive/texmf-dist/tex/latex/pgf/basiclayer/pgf.sty (/usr/share/texlive/texmf-dist/tex/latex/pgf/utilities/pgfrcs.sty (/usr/share/texlive/texmf-dist/tex/generic/pgf/utilities/pgfutil-common.tex
\pgfutil@everybye=\toks19
\pgfutil@tempdima=\dimen145
\pgfutil@tempdimb=\dimen146
 (/usr/share/texlive/texmf-dist/tex/generic/pgf/utilities/pgfutil-common-lists.tex)) (/usr/share/texlive/texmf-dist/tex/generic/pgf/utilities/pgfutil-latex.def
\pgfutil@abb=\box52
) (/usr/share/texlive/texmf-dist/tex/generic/pgf/utilities/pgfrcs.code.tex (/usr/share/texlive/texmf-dist/tex/generic/pgf/pgf.revision.tex)
Package: pgfrcs 2021/05/15 v3.1.9a (3.1.9a)
))
Package: pgf 2021/05/15 v3.1.9a (3.1.9a)
 (/usr/share/texlive/texmf-dist/tex/latex/pgf/basiclayer/pgfcore.sty (/usr/share/texlive/texmf-dist/tex/latex/pgf/systemlayer/pgfsys.sty (/usr/share/texlive/texmf-dist/tex/generic/pgf/systemlayer/pgfsys.code.tex
Package: pgfsys 2021/05/15 v3.1.9a (3.1.9a)
 (/usr/share/texlive/texmf-dist/tex/generic/pgf/utilities/pgfkeys.code.tex
\pgfkeys@pathtoks=\toks20
\pgfkeys@temptoks=\toks21
 (/usr/share/texlive/texmf-dist/tex/generic/pgf/utilities/pgfkeysfiltered.code.tex
\pgfkeys@tmptoks=\toks22
))
\pgf@x=\dimen147
\pgf@y=\dimen148
\pgf@xa=\dimen149
\pgf@ya=\dimen150
\pgf@xb=\dimen151
\pgf@yb=\dimen152
\pgf@xc=\dimen153
\pgf@yc=\dimen154
\pgf@xd=\dimen155
\pgf@yd=\dimen156
\w@pgf@writea=\write3
\r@pgf@reada=\read2
\c@pgf@counta=\count276
\c@pgf@countb=\count277
\c@pgf@countc=\count278
\c@pgf@countd=\count279
\t@pgf@toka=\toks23
\t@pgf@tokb=\toks24
\t@pgf@tokc=\toks25
\pgf@sys@id@count=\count280
 (/usr/share/texlive/texmf-dist/tex/generic/pgf/systemlayer/pgf.cfg
File: pgf.cfg 2021/05/15 v3.1.9a (3.1.9a)
)
Driver file for pgf: pgfsys-xetex.def
 (/usr/share/texlive/texmf-dist/tex/generic/pgf/systemlayer/pgfsys-xetex.def
File: pgfsys-xetex.def 2021/05/15 v3.1.9a (3.1.9a)
 (/usr/share/texlive/texmf-dist/tex/generic/pgf/systemlayer/pgfsys-dvipdfmx.def
File: pgfsys-dvipdfmx.def 2021/05/15 v3.1.9a (3.1.9a)
 (/usr/share/texlive/texmf-dist/tex/generic/pgf/systemlayer/pgfsys-common-pdf.def
File: pgfsys-common-pdf.def 2021/05/15 v3.1.9a (3.1.9a)
)
\pgfsys@objnum=\count281
))) (/usr/share/texlive/texmf-dist/tex/generic/pgf/systemlayer/pgfsyssoftpath.code.tex
File: pgfsyssoftpath.code.tex 2021/05/15 v3.1.9a (3.1.9a)
\pgfsyssoftpath@smallbuffer@items=\count282
\pgfsyssoftpath@bigbuffer@items=\count283
) (/usr/share/texlive/texmf-dist/tex/generic/pgf/systemlayer/pgfsysprotocol.code.tex
File: pgfsysprotocol.code.tex 2021/05/15 v3.1.9a (3.1.9a)
)) (/usr/share/texlive/texmf-dist/tex/latex/xcolor/xcolor.sty
Package: xcolor 2021/10/31 v2.13 LaTeX color extensions (UK)
 (/usr/share/texlive/texmf-dist/tex/latex/graphics-cfg/color.cfg
File: color.cfg 2016/01/02 v1.6 sample color configuration
)
Package xcolor Info: Driver file: xetex.def on input line 227.
LaTeX Info: Redefining \color on input line 711.
Package xcolor Info: Model `cmy' substituted by `cmy0' on input line 1352.
Package xcolor Info: Model `RGB' extended on input line 1368.
Package xcolor Info: Model `HTML' substituted by `rgb' on input line 1370.
Package xcolor Info: Model `Hsb' substituted by `hsb' on input line 1371.
Package xcolor Info: Model `tHsb' substituted by `hsb' on input line 1372.
Package xcolor Info: Model `HSB' substituted by `hsb' on input line 1373.
Package xcolor Info: Model `Gray' substituted by `gray' on input line 1374.
Package xcolor Info: Model `wave' substituted by `hsb' on input line 1375.
) (/usr/share/texlive/texmf-dist/tex/generic/pgf/basiclayer/pgfcore.code.tex
Package: pgfcore 2021/05/15 v3.1.9a (3.1.9a)
 (/usr/share/texlive/texmf-dist/tex/generic/pgf/math/pgfmath.code.tex (/usr/share/texlive/texmf-dist/tex/generic/pgf/math/pgfmathcalc.code.tex (/usr/share/texlive/texmf-dist/tex/generic/pgf/math/pgfmathutil.code.tex) (/usr/share/texlive/texmf-dist/tex/generic/pgf/math/pgfmathparser.code.tex
\pgfmath@dimen=\dimen157
\pgfmath@count=\count284
\pgfmath@box=\box53
\pgfmath@toks=\toks26
\pgfmath@stack@operand=\toks27
\pgfmath@stack@operation=\toks28
) (/usr/share/texlive/texmf-dist/tex/generic/pgf/math/pgfmathfunctions.code.tex (/usr/share/texlive/texmf-dist/tex/generic/pgf/math/pgfmathfunctions.basic.code.tex) (/usr/share/texlive/texmf-dist/tex/generic/pgf/math/pgfmathfunctions.trigonometric.code.tex) (/usr/share/texlive/texmf-dist/tex/generic/pgf/math/pgfmathfunctions.random.code.tex) (/usr/share/texlive/texmf-dist/tex/generic/pgf/math/pgfmathfunctions.comparison.code.tex) (/usr/share/texlive/texmf-dist/tex/generic/pgf/math/pgfmathfunctions.base.code.tex) (/usr/share/texlive/texmf-dist/tex/generic/pgf/math/pgfmathfunctions.round.code.tex) (/usr/share/texlive/texmf-dist/tex/generic/pgf/math/pgfmathfunctions.misc.code.tex) (/usr/share/texlive/texmf-dist/tex/generic/pgf/math/pgfmathfunctions.integerarithmetics.code.tex))) (/usr/share/texlive/texmf-dist/tex/generic/pgf/math/pgfmathfloat.code.tex
\c@pgfmathroundto@lastzeros=\count285
)) (/usr/share/texlive/texmf-dist/tex/generic/pgf/math/pgfint.code.tex) (/usr/share/texlive/texmf-dist/tex/generic/pgf/basiclayer/pgfcorepoints.code.tex
File: pgfcorepoints.code.tex 2021/05/15 v3.1.9a (3.1.9a)
\pgf@picminx=\dimen158
\pgf@picmaxx=\dimen159
\pgf@picminy=\dimen160
\pgf@picmaxy=\dimen161
\pgf@pathminx=\dimen162
\pgf@pathmaxx=\dimen163
\pgf@pathminy=\dimen164
\pgf@pathmaxy=\dimen165
\pgf@xx=\dimen166
\pgf@xy=\dimen167
\pgf@yx=\dimen168
\pgf@yy=\dimen169
\pgf@zx=\dimen170
\pgf@zy=\dimen171
) (/usr/share/texlive/texmf-dist/tex/generic/pgf/basiclayer/pgfcorepathconstruct.code.tex
File: pgfcorepathconstruct.code.tex 2021/05/15 v3.1.9a (3.1.9a)
\pgf@path@lastx=\dimen172
\pgf@path@lasty=\dimen173
) (/usr/share/texlive/texmf-dist/tex/generic/pgf/basiclayer/pgfcorepathusage.code.tex
File: pgfcorepathusage.code.tex 2021/05/15 v3.1.9a (3.1.9a)
\pgf@shorten@end@additional=\dimen174
\pgf@shorten@start@additional=\dimen175
) (/usr/share/texlive/texmf-dist/tex/generic/pgf/basiclayer/pgfcorescopes.code.tex
File: pgfcorescopes.code.tex 2021/05/15 v3.1.9a (3.1.9a)
\pgfpic=\box54
\pgf@hbox=\box55
\pgf@layerbox@main=\box56
\pgf@picture@serial@count=\count286
) (/usr/share/texlive/texmf-dist/tex/generic/pgf/basiclayer/pgfcoregraphicstate.code.tex
File: pgfcoregraphicstate.code.tex 2021/05/15 v3.1.9a (3.1.9a)
\pgflinewidth=\dimen176
) (/usr/share/texlive/texmf-dist/tex/generic/pgf/basiclayer/pgfcoretransformations.code.tex
File: pgfcoretransformations.code.tex 2021/05/15 v3.1.9a (3.1.9a)
\pgf@pt@x=\dimen177
\pgf@pt@y=\dimen178
\pgf@pt@temp=\dimen179
) (/usr/share/texlive/texmf-dist/tex/generic/pgf/basiclayer/pgfcorequick.code.tex
File: pgfcorequick.code.tex 2021/05/15 v3.1.9a (3.1.9a)
) (/usr/share/texlive/texmf-dist/tex/generic/pgf/basiclayer/pgfcoreobjects.code.tex
File: pgfcoreobjects.code.tex 2021/05/15 v3.1.9a (3.1.9a)
) (/usr/share/texlive/texmf-dist/tex/generic/pgf/basiclayer/pgfcorepathprocessing.code.tex
File: pgfcorepathprocessing.code.tex 2021/05/15 v3.1.9a (3.1.9a)
) (/usr/share/texlive/texmf-dist/tex/generic/pgf/basiclayer/pgfcorearrows.code.tex
File: pgfcorearrows.code.tex 2021/05/15 v3.1.9a (3.1.9a)
\pgfarrowsep=\dimen180
) (/usr/share/texlive/texmf-dist/tex/generic/pgf/basiclayer/pgfcoreshade.code.tex
File: pgfcoreshade.code.tex 2021/05/15 v3.1.9a (3.1.9a)
\pgf@max=\dimen181
\pgf@sys@shading@range@num=\count287
\pgf@shadingcount=\count288
) (/usr/share/texlive/texmf-dist/tex/generic/pgf/basiclayer/pgfcoreimage.code.tex
File: pgfcoreimage.code.tex 2021/05/15 v3.1.9a (3.1.9a)
 (/usr/share/texlive/texmf-dist/tex/generic/pgf/basiclayer/pgfcoreexternal.code.tex
File: pgfcoreexternal.code.tex 2021/05/15 v3.1.9a (3.1.9a)
\pgfexternal@startupbox=\box57
)) (/usr/share/texlive/texmf-dist/tex/generic/pgf/basiclayer/pgfcorelayers.code.tex
File: pgfcorelayers.code.tex 2021/05/15 v3.1.9a (3.1.9a)
) (/usr/share/texlive/texmf-dist/tex/generic/pgf/basiclayer/pgfcoretransparency.code.tex
File: pgfcoretransparency.code.tex 2021/05/15 v3.1.9a (3.1.9a)
) (/usr/share/texlive/texmf-dist/tex/generic/pgf/basiclayer/pgfcorepatterns.code.tex
File: pgfcorepatterns.code.tex 2021/05/15 v3.1.9a (3.1.9a)
) (/usr/share/texlive/texmf-dist/tex/generic/pgf/basiclayer/pgfcorerdf.code.tex
File: pgfcorerdf.code.tex 2021/05/15 v3.1.9a (3.1.9a)
))) (/usr/share/texlive/texmf-dist/tex/generic/pgf/modules/pgfmoduleshapes.code.tex
File: pgfmoduleshapes.code.tex 2021/05/15 v3.1.9a (3.1.9a)
\pgfnodeparttextbox=\box58
) (/usr/share/texlive/texmf-dist/tex/generic/pgf/modules/pgfmoduleplot.code.tex
File: pgfmoduleplot.code.tex 2021/05/15 v3.1.9a (3.1.9a)
) (/usr/share/texlive/texmf-dist/tex/latex/pgf/compatibility/pgfcomp-version-0-65.sty
Package: pgfcomp-version-0-65 2021/05/15 v3.1.9a (3.1.9a)
\pgf@nodesepstart=\dimen182
\pgf@nodesepend=\dimen183
) (/usr/share/texlive/texmf-dist/tex/latex/pgf/compatibility/pgfcomp-version-1-18.sty
Package: pgfcomp-version-1-18 2021/05/15 v3.1.9a (3.1.9a)
)) (/usr/share/texlive/texmf-dist/tex/latex/pgf/utilities/pgffor.sty (/usr/share/texlive/texmf-dist/tex/latex/pgf/utilities/pgfkeys.sty (/usr/share/texlive/texmf-dist/tex/generic/pgf/utilities/pgfkeys.code.tex)) (/usr/share/texlive/texmf-dist/tex/latex/pgf/math/pgfmath.sty (/usr/share/texlive/texmf-dist/tex/generic/pgf/math/pgfmath.code.tex)) (/usr/share/texlive/texmf-dist/tex/generic/pgf/utilities/pgffor.code.tex
Package: pgffor 2021/05/15 v3.1.9a (3.1.9a)
 (/usr/share/texlive/texmf-dist/tex/generic/pgf/math/pgfmath.code.tex)
\pgffor@iter=\dimen184
\pgffor@skip=\dimen185
\pgffor@stack=\toks29
\pgffor@toks=\toks30
)) (/usr/share/texlive/texmf-dist/tex/generic/pgf/frontendlayer/tikz/tikz.code.tex
Package: tikz 2021/05/15 v3.1.9a (3.1.9a)
 (/usr/share/texlive/texmf-dist/tex/generic/pgf/libraries/pgflibraryplothandlers.code.tex
File: pgflibraryplothandlers.code.tex 2021/05/15 v3.1.9a (3.1.9a)
\pgf@plot@mark@count=\count289
\pgfplotmarksize=\dimen186
)
\tikz@lastx=\dimen187
\tikz@lasty=\dimen188
\tikz@lastxsaved=\dimen189
\tikz@lastysaved=\dimen190
\tikz@lastmovetox=\dimen191
\tikz@lastmovetoy=\dimen192
\tikzleveldistance=\dimen193
\tikzsiblingdistance=\dimen194
\tikz@figbox=\box59
\tikz@figbox@bg=\box60
\tikz@tempbox=\box61
\tikz@tempbox@bg=\box62
\tikztreelevel=\count290
\tikznumberofchildren=\count291
\tikznumberofcurrentchild=\count292
\tikz@fig@count=\count293
 (/usr/share/texlive/texmf-dist/tex/generic/pgf/modules/pgfmodulematrix.code.tex
File: pgfmodulematrix.code.tex 2021/05/15 v3.1.9a (3.1.9a)
\pgfmatrixcurrentrow=\count294
\pgfmatrixcurrentcolumn=\count295
\pgf@matrix@numberofcolumns=\count296
)
\tikz@expandcount=\count297
 (/usr/share/texlive/texmf-dist/tex/generic/pgf/frontendlayer/tikz/libraries/tikzlibrarytopaths.code.tex
File: tikzlibrarytopaths.code.tex 2021/05/15 v3.1.9a (3.1.9a)
))) (/usr/share/texlive/texmf-dist/tex/latex/everypage/everypage.sty
Package: everypage 2020/10/17 R2.0b Hooks to run on every page


Package everypage Warning: Functionality similar to this package has recently
(everypage)                been implemented in LaTeX. This package is now in
(everypage)                legacy status.
(everypage)                Please, don't use it in new documents and packages.


Package everypage Warning: You appear to be running a version of LaTeX
(everypage)                providing the new functionality.
(everypage)                Doing the best to deliver the original `everypage`
(everypage)                interface on top of it. Strict equivalence is
(everypage)                not possible, breakage may occur.
(everypage)                If truly needed, Use `everypage-1x` to force the
(everypage)                loading of an older code base.

) (/usr/share/texlive/texmf-dist/tex/latex/tools/afterpage.sty
Package: afterpage 2014/10/28 v1.08 After-Page Package (DPC)
\AP@output=\toks31
\AP@partial=\box63
\AP@footins=\box64
)) (/usr/share/texlive/texmf-dist/tex/latex/tools/indentfirst.sty
Package: indentfirst 1995/11/23 v1.03 Indent first paragraph (DPC)
) (/home/matin/texmf/tex/xelatex/xepersian/xepersian.sty
Package: xepersian 2022/02/20 v23.7 Persian typesetting in XeLaTeX
 (/usr/share/texlive/texmf-dist/tex/latex/fontspec/fontspec.sty (/usr/share/texlive/texmf-dist/tex/latex/l3packages/xparse/xparse.sty
Package: xparse 2022-01-12 L3 Experimental document command parser
)
Package: fontspec 2022/01/15 v2.8a Font selection for XeLaTeX and LuaLaTeX
 (/usr/share/texlive/texmf-dist/tex/latex/fontspec/fontspec-xetex.sty
Package: fontspec-xetex 2022/01/15 v2.8a Font selection for XeLaTeX and LuaLaTeX
\l__fontspec_script_int=\count298
\l__fontspec_language_int=\count299
\l__fontspec_strnum_int=\count300
\l__fontspec_tmp_int=\count301
\l__fontspec_tmpa_int=\count302
\l__fontspec_tmpb_int=\count303
\l__fontspec_tmpc_int=\count304
\l__fontspec_em_int=\count305
\l__fontspec_emdef_int=\count306
\l__fontspec_strong_int=\count307
\l__fontspec_strongdef_int=\count308
\l__fontspec_tmpa_dim=\dimen195
\l__fontspec_tmpb_dim=\dimen196
\l__fontspec_tmpc_dim=\dimen197
 (/usr/share/texlive/texmf-dist/tex/latex/base/fontenc.sty
Package: fontenc 2021/04/29 v2.0v Standard LaTeX package
) (/usr/share/texlive/texmf-dist/tex/latex/fontspec/fontspec.cfg))) (/home/matin/texmf/tex/xelatex/xepersian/xepersian-persiancal.sty
Package: xepersian-persiancal 2012/07/25 v0.2 provides Persian calendar
\XePersian@i=\count309
\XePersian@y=\count310
\XePersian@m=\count311
\XePersian@d=\count312
\XePersian@latini=\count313
\XePersian@persiani=\count314
\XePersian@latinii=\count315
\XePersian@persianii=\count316
\XePersian@latiniii=\count317
\XePersian@persianiii=\count318
\XePersian@latiniv=\count319
\XePersian@persianiv=\count320
\XePersian@latinv=\count321
\XePersian@persianv=\count322
\XePersian@latinvi=\count323
\XePersian@persianvi=\count324
\XePersian@latinvii=\count325
\XePersian@persianvii=\count326
\XePersian@latinviii=\count327
\XePersian@persianviii=\count328
\XePersian@latinix=\count329
\XePersian@persianix=\count330
\XePersian@latinx=\count331
\XePersian@persianx=\count332
\XePersian@latinxi=\count333
\XePersian@persianxi=\count334
\XePersian@latinxii=\count335
\XePersian@persianxii=\count336
\XePersian@persianxiii=\count337
\XePersian@temp=\count338
\XePersian@temptwo=\count339
\XePersian@tempthree=\count340
\XePersian@yModHundred=\count341
\XePersian@thirtytwo=\count342
\XePersian@dn=\count343
\XePersian@sn=\count344
\XePersian@mminusone=\count345
) (/home/matin/texmf/tex/xelatex/xepersian/xepersian-mathdigitspec.sty
Package: xepersian-mathdigitspec 2022/02/04 v1.1.9 Unicode Persian math digits in XeLaTeX
) (/usr/share/texlive/texmf-dist/tex/xelatex/bidi/bidi.sty
Package: bidi 2022/02/01 v36.4 Bidirectional typesetting in plain TeX and LaTeX

****************************************************
* 
* bidi package (Bidirectional typesetting in
* plain TeX and LaTeX, using XeTeX engine)
* 
* Description: A convenient interface for
* typesetting bidirectional texts in plain TeX
* and LaTeX. The package includes adaptations
* for use with many other commonly-used packages.
* 
* Copyright (c) 2007--2022 Vafa Khalighi
* Copyright (c) 2018--2020 bidi-tex GitHub organization
* 
* v36.4, 2022/02/01
* 
* License: LaTeX Project Public License, version
* 1.3c or higher (your choice)
* 
* Location on CTAN: /macros/xetex/latex/bidi
* 
* Issue tracker: https://github.com/tex-persian/bidi/issues
* 
* Support Email: tex-persian@vafa.ac
* 
* Primary author of bidi package: Vafa Khalighi.
* 
****************************************************
(/usr/share/texlive/texmf-dist/tex/xelatex/bidi/biditools.sty
Package: biditools 2022/02/01 v2.1 Programming tools for bidi package
\@bidi@envbody=\toks32
\@bidi@emptytoks=\toks33
\bidi@poscount=\count346
\bidi@tempcountb=\count347
\bidi@temptoksa=\toks34
\bidi@temptoksb=\toks35
\bidi@dummies=\count348
\bidi@are@these@correct=\toks36
\bidi@toks@lista=\toks37
\bidi@toks@listb=\toks38
\bidi@stack@length=\count349
\bidi@empty@stack=\toks39
\bidi@looprepeat@depth=\count350
)
==> First Aid for biditools.sty no longer applied!
    Expected:
        2020/05/13 v2 Programming tools for bidi package
    but found:
        2022/02/01 v2.1 Programming tools for bidi package
    so I'm assuming it got fixed.
(/usr/share/texlive/texmf-dist/tex/latex/zref/zref-abspage.sty
Package: zref-abspage 2020-07-03 v2.32 Module abspage for zref (HO)
 (/usr/share/texlive/texmf-dist/tex/latex/zref/zref-base.sty
Package: zref-base 2020-07-03 v2.32 Module base for zref (HO)
Package zref Info: New property list: main on input line 764.
Package zref Info: New property: default on input line 765.
Package zref Info: New property: page on input line 766.
)
\c@abspage=\count351
Package zref Info: New property: abspage on input line 66.
)
\@bidi@copyins@=\insert252
 (/usr/share/texlive/texmf-dist/tex/xelatex/bidi/latex-xetex-bidi.def
File: latex-xetex-bidi.def 2022/02/01 v1.3.8 bidi adaptations for `latex.ltx' for XeTeX engine
\bidi@n@everypar=\toks40
\bidi@column@check@number=\count352
 (/usr/share/texlive/texmf-dist/tex/xelatex/bidi/footnote-xetex-bidi.def
File: footnote-xetex-bidi.def 2017/08/09 v1.1 bidi footnote macros for XeTeX engine
\c@footdir@label=\count353
\footdir@toks=\toks41
) (/usr/share/texlive/texmf-dist/tex/xelatex/bidi/report-xetex-bidi.def
File: report-xetex-bidi.def 2017/06/09 v0.8 bidi adaptations for standard report class for XeTeX engine
) (/usr/share/texlive/texmf-dist/tex/xelatex/bidi/color-xetex-bidi.def
File: color-xetex-bidi.def 2013/04/08 v0.2 bidi adaptations for color package for XeTeX engine
LaTeX Info: Redefining \color on input line 50.
) (/usr/share/texlive/texmf-dist/tex/xelatex/bidi/xcolor-xetex-bidi.def
File: xcolor-xetex-bidi.def 2013/04/08 v0.2 bidi adaptations for xcolor package for XeTeX engine
LaTeX Info: Redefining \color on input line 49.
LaTeX Info: Redefining \bidicolor on input line 92.
) (/usr/share/texlive/texmf-dist/tex/xelatex/bidi/graphicx-xetex-bidi.def
File: graphicx-xetex-bidi.def 2017/06/17 v0.5 bidi adaptations for graphicx package for XeTeX engine
) (/usr/share/texlive/texmf-dist/tex/xelatex/bidi/hyperref-xetex-bidi.def
File: hyperref-xetex-bidi.def 2018/11/11 v1.1 bidi adaptations for hyperref package for XeTeX engine
) (/usr/share/texlive/texmf-dist/tex/xelatex/bidi/fancyhdr-xetex-bidi.def
File: fancyhdr-xetex-bidi.def 2018/02/15 v0.7 bidi adaptations for fancyhdr package for XeTeX engine
) (/usr/share/texlive/texmf-dist/tex/xelatex/bidi/pgfcorescopes.code-xetex-bidi.def
File: pgfcorescopes.code-xetex-bidi.def 2015/11/14 v0.1 bidi adaptations for pgf package for XeTeX engine
)) (/usr/share/texlive/texmf-dist/tex/xelatex/bidi/loadingorder-xetex-bidi.def
File: loadingorder-xetex-bidi.def 2017/12/29 v0.97 making sure that bidi is the last package loaded
)
\bidi@digits=\count354
\bidi@digits@charclass=\XeTeXcharclass1
\bidi@sepmark@charclass=\XeTeXcharclass2
)
****************************************************
* 
* xepersian package (Persian for LaTeX, using XeTeX engine)
* 
* Description: The package supports Persian
* typesetting, using fonts provided in the
* distribution.
* 
* Copyright (c) 2008--2022 Vafa Khalighi
* Copyright (c) 2018--2020 bidi-tex GitHub Organization
* 
* v23.7, 2022/02/20
* 
* License: LaTeX Project Public License, version
* 1.3c or higher (your choice)
* 
* Location on CTAN: /macros/xetex/latex/xepersian
* 
* Issue tracker: https://github.com/tex-persian/xepersian/issues
* 
* Discussions: https://github.com/tex-persian/xepersian/discussions
* 
* Support Email: tex-persian@vafa.ac
* 
* Primary author of xepersian package: Vafa Khalighi.
* 
****************************************************
\xepersian@tcl=\count355
\xepersian@ilg=\dimen198
\xepersian@strutilg=\dimen199
(/home/matin/texmf/tex/xelatex/xepersian/loadingorder-xepersian.def
File: loadingorder-xepersian.def 2018/09/29 v0.5 making sure that xepersian is the last package loaded
) (/home/matin/texmf/tex/xelatex/xepersian/footnote-xepersian.def
File: footnote-xepersian.def 2017/08/09 v0.6 footnote macros for xepersian package
) (/home/matin/texmf/tex/xelatex/xepersian/hyperref-xepersian.def
File: hyperref-xepersian.def 2015/02/02 v0.6 bilingual captions for hyperref package
) (/home/matin/texmf/tex/xelatex/xepersian/url-xepersian.def
File: url-xepersian.def 2022/02/18 v0.1 adaptations for url package
) (/home/matin/texmf/tex/xelatex/xepersian/report-xepersian.def
File: report-xepersian.def 2010/07/25 v0.2 adaptations for standard report class
)

Package fontspec Info: Font family 'lmroman10-regular(0)' created for font
(fontspec)             'lmroman10-regular' with options
(fontspec)             [Ligatures=TeX,Path,BoldFont={lmroman10-bold},BoldItalicFont={lmroman10-bolditalic},ItalicFont={lmroman10-italic},SmallCapsFont={lmromancaps10-regular},SlantedFont={lmromanslant10-regular},BoldSlantedFont={lmromanslant10-bold}].
(fontspec)              
(fontspec)              This font family consists of the following NFSS
(fontspec)             series/shapes:
(fontspec)              
(fontspec)             - 'normal' (m/n) with NFSS spec.:
(fontspec)             <->"[lmroman10-regular]/OT:script=latn;language=dflt;mapping=tex-text;"
(fontspec)             - 'small caps'  (m/sc) with NFSS spec.:
(fontspec)             <->"[lmromancaps10-regular]/OT:script=latn;language=dflt;mapping=tex-text;"
(fontspec)             - 'bold' (b/n) with NFSS spec.:
(fontspec)             <->"[lmroman10-bold]/OT:script=latn;language=dflt;mapping=tex-text;"
(fontspec)             - 'bold small caps'  (b/sc) with NFSS spec.:
(fontspec)             <->"[lmromancaps10-regular]/OT:script=latn;language=dflt;mapping=tex-text;"
(fontspec)             - 'italic' (m/it) with NFSS spec.:
(fontspec)             <->"[lmroman10-italic]/OT:script=latn;language=dflt;mapping=tex-text;"
(fontspec)             - 'italic small caps'  (m/scit) with NFSS spec.:
(fontspec)             <->"[lmromancaps10-regular]/OT:script=latn;language=dflt;mapping=tex-text;"
(fontspec)             - 'slanted' (m/sl) with NFSS spec.:
(fontspec)             <->"[lmromanslant10-regular]/OT:script=latn;language=dflt;mapping=tex-text;"
(fontspec)             - 'slanted small caps'  (m/scsl) with NFSS spec.:
(fontspec)             <->"[lmromancaps10-regular]/OT:script=latn;language=dflt;mapping=tex-text;"
(fontspec)             - 'bold italic' (b/it) with NFSS spec.:
(fontspec)             <->"[lmroman10-bolditalic]/OT:script=latn;language=dflt;mapping=tex-text;"
(fontspec)             - 'bold italic small caps'  (b/scit) with NFSS spec.:
(fontspec)             <->"[lmromancaps10-regular]/OT:script=latn;language=dflt;mapping=tex-text;"
(fontspec)             - 'bold slanted' (b/sl) with NFSS spec.:
(fontspec)             <->"[lmromanslant10-bold]/OT:script=latn;language=dflt;mapping=tex-text;"
(fontspec)             - 'bold slanted small caps'  (b/scsl) with NFSS spec.:
(fontspec)             <->"[lmromancaps10-regular]/OT:script=latn;language=dflt;mapping=tex-text;"

)

Package fontspec Info: Could not resolve font "B Zar/I" (it probably doesn't
(fontspec)             exist).


Package fontspec Info: Font family 'BZar(0)' created for font 'B Zar' with
(fontspec)             options
(fontspec)             [RawFeature={script=arab},Ligatures=PersianTeX].
(fontspec)              
(fontspec)              This font family consists of the following NFSS
(fontspec)             series/shapes:
(fontspec)              
(fontspec)             - 'normal' (m/n) with NFSS spec.: <->"B
(fontspec)             Zar/OT:language=dflt;script=arab;mapping=persian-tex-text;"
(fontspec)             - 'small caps'  (m/sc) with NFSS spec.: 
(fontspec)             - 'bold' (b/n) with NFSS spec.: <->"B
(fontspec)             Zar/B/OT:language=dflt;script=arab;mapping=persian-tex-text;"
(fontspec)             - 'bold small caps'  (b/sc) with NFSS spec.: 
(fontspec)             - 'bold italic' (b/it) with NFSS spec.: <->"B
(fontspec)             Zar/BI/OT:language=dflt;script=arab;mapping=persian-tex-text;"
(fontspec)             - 'bold italic small caps'  (b/scit) with NFSS spec.: 



LaTeX Warning: Unused global option(s):
    [pdf].

(./WorkReport.aux)
\openout1 = `WorkReport.aux'.

LaTeX Font Info:    Checking defaults for OML/cmm/m/it on input line 45.
LaTeX Font Info:    ... okay on input line 45.
LaTeX Font Info:    Checking defaults for OMS/cmsy/m/n on input line 45.
LaTeX Font Info:    ... okay on input line 45.
LaTeX Font Info:    Checking defaults for OT1/cmr/m/n on input line 45.
LaTeX Font Info:    ... okay on input line 45.
LaTeX Font Info:    Checking defaults for T1/cmr/m/n on input line 45.
LaTeX Font Info:    ... okay on input line 45.
LaTeX Font Info:    Checking defaults for TS1/cmr/m/n on input line 45.
LaTeX Font Info:    Trying to load font information for TS1+cmr on input line 45.
 (/usr/share/texlive/texmf-dist/tex/latex/base/ts1cmr.fd
File: ts1cmr.fd 2019/12/16 v2.5j Standard LaTeX font definitions
)
LaTeX Font Info:    ... okay on input line 45.
LaTeX Font Info:    Checking defaults for TU/lmr/m/n on input line 45.
LaTeX Font Info:    ... okay on input line 45.
LaTeX Font Info:    Checking defaults for OMX/cmex/m/n on input line 45.
LaTeX Font Info:    ... okay on input line 45.
LaTeX Font Info:    Checking defaults for U/cmr/m/n on input line 45.
LaTeX Font Info:    ... okay on input line 45.
LaTeX Font Info:    Checking defaults for PD1/pdf/m/n on input line 45.
LaTeX Font Info:    ... okay on input line 45.
LaTeX Font Info:    Checking defaults for PU/pdf/m/n on input line 45.
LaTeX Font Info:    ... okay on input line 45.
Package hyperref Info: Link coloring OFF on input line 45.
 (/usr/share/texlive/texmf-dist/tex/latex/hyperref/nameref.sty
Package: nameref 2021-04-02 v2.47 Cross-referencing by name of section
 (/usr/share/texlive/texmf-dist/tex/latex/refcount/refcount.sty
Package: refcount 2019/12/15 v3.6 Data extraction from label references (HO)
) (/usr/share/texlive/texmf-dist/tex/generic/gettitlestring/gettitlestring.sty
Package: gettitlestring 2019/12/15 v1.6 Cleanup title references (HO)
)
\c@section@level=\count356
)
LaTeX Info: Redefining \ref on input line 45.
LaTeX Info: Redefining \pageref on input line 45.
LaTeX Info: Redefining \nameref on input line 45.
 (./WorkReport.out) (./WorkReport.out)
\@outlinefile=\write4
\openout4 = `WorkReport.out'.

File: Graphics/BASU_logo.png Graphic file (type bmp)
<Graphics/BASU_logo.png>
LaTeX Font Info:    Calculating math sizes for size <21.59995> on input line 47.


LaTeX Font Warning: Font shape `OT1/cmr/m/n' in size <21.59995> not available
(Font)              size <20.74> substituted on input line 47.


LaTeX Font Warning: Font shape `OT1/cmr/m/n' in size <15.11989> not available
(Font)              size <14.4> substituted on input line 47.


LaTeX Font Warning: Font shape `OML/cmm/m/it' in size <21.59995> not available
(Font)              size <20.74> substituted on input line 47.


LaTeX Font Warning: Font shape `OML/cmm/m/it' in size <15.11989> not available
(Font)              size <14.4> substituted on input line 47.


LaTeX Font Warning: Font shape `OMS/cmsy/m/n' in size <21.59995> not available
(Font)              size <20.74> substituted on input line 47.


LaTeX Font Warning: Font shape `OMS/cmsy/m/n' in size <15.11989> not available
(Font)              size <14.4> substituted on input line 47.

LaTeX Font Info:    External font `cmex10' loaded for size
(Font)              <21.59995> on input line 47.
LaTeX Font Info:    External font `cmex10' loaded for size
(Font)              <15.11989> on input line 47.
LaTeX Font Info:    External font `cmex10' loaded for size
(Font)              <10.79997> on input line 47.
File: Graphics/0d430388ec86043008f3ddd51b87958a.jpeg Graphic file (type bmp)
<Graphics/0d430388ec86043008f3ddd51b87958a.jpeg>
[1

] (./WorkReport.toc
LaTeX Font Info:    Calculating math sizes for size <18> on input line 3.


LaTeX Font Warning: Font shape `OT1/cmr/m/n' in size <18> not available
(Font)              size <17.28> substituted on input line 3.


LaTeX Font Warning: Font shape `OT1/cmr/m/n' in size <12.59995> not available
(Font)              size <12> substituted on input line 3.


LaTeX Font Warning: Font shape `OML/cmm/m/it' in size <18> not available
(Font)              size <17.28> substituted on input line 3.


LaTeX Font Warning: Font shape `OML/cmm/m/it' in size <12.59995> not available
(Font)              size <12> substituted on input line 3.


LaTeX Font Warning: Font shape `OMS/cmsy/m/n' in size <18> not available
(Font)              size <17.28> substituted on input line 3.


LaTeX Font Warning: Font shape `OMS/cmsy/m/n' in size <12.59995> not available
(Font)              size <12> substituted on input line 3.

LaTeX Font Info:    External font `cmex10' loaded for size
(Font)              <18> on input line 3.
LaTeX Font Info:    External font `cmex10' loaded for size
(Font)              <12.59995> on input line 3.
LaTeX Font Info:    External font `cmex10' loaded for size
(Font)              <9> on input line 3.
File: Graphics/0d430388ec86043008f3ddd51b87958a.jpeg Graphic file (type bmp)
<Graphics/0d430388ec86043008f3ddd51b87958a.jpeg>
[1

])
\tf@toc=\write5
\openout5 = `WorkReport.toc'.



LaTeX Font Warning: Font shape `TU/BZar(0)/m/sl' undefined
(Font)              using `TU/BZar(0)/m/n' instead on input line 51.

File: Graphics/nav-logo.png Graphic file (type bmp)
<Graphics/nav-logo.png>

Package fancyhdr Warning: \headheight is too small (24.0pt): 
(fancyhdr)                Make it at least 36.52245pt, for example:
(fancyhdr)                \setlength{\headheight}{36.52245pt}.
(fancyhdr)                You might also make \topmargin smaller to compensate:
(fancyhdr)                \addtolength{\topmargin}{-12.52245pt}.

File: Graphics/0d430388ec86043008f3ddd51b87958a.jpeg Graphic file (type bmp)
<Graphics/0d430388ec86043008f3ddd51b87958a.jpeg>
[2]
Underfull \hbox (badness 10000) in paragraph at lines 55--56
[][]
 []

File: Graphics/0d430388ec86043008f3ddd51b87958a.jpeg Graphic file (type bmp)
<Graphics/0d430388ec86043008f3ddd51b87958a.jpeg>
[1]
File: Graphics/0d430388ec86043008f3ddd51b87958a.jpeg Graphic file (type bmp)
<Graphics/0d430388ec86043008f3ddd51b87958a.jpeg>
 [1

]
Underfull \hbox (badness 10000) in paragraph at lines 67--75
[][]
 []

File: Graphics/nav-logo.png Graphic file (type bmp)
<Graphics/nav-logo.png>

Package fancyhdr Warning: \headheight is too small (24.0pt): 
(fancyhdr)                Make it at least 36.52245pt, for example:
(fancyhdr)                \setlength{\headheight}{36.52245pt}.
(fancyhdr)                You might also make \topmargin smaller to compensate:
(fancyhdr)                \addtolength{\topmargin}{-12.52245pt}.

File: Graphics/0d430388ec86043008f3ddd51b87958a.jpeg Graphic file (type bmp)
<Graphics/0d430388ec86043008f3ddd51b87958a.jpeg>
[2]
File: Graphics/0d430388ec86043008f3ddd51b87958a.jpeg Graphic file (type bmp)
<Graphics/0d430388ec86043008f3ddd51b87958a.jpeg>
 [3

]

Package hyperref Warning: Difference (2) between bookmark levels is greater 
(hyperref)                than one, level fixed on input line 79.


Underfull \hbox (badness 10000) in paragraph at lines 83--85
[][]
 []

File: Graphics/nav-logo.png Graphic file (type bmp)
<Graphics/nav-logo.png>

Package fancyhdr Warning: \headheight is too small (24.0pt): 
(fancyhdr)                Make it at least 36.52245pt, for example:
(fancyhdr)                \setlength{\headheight}{36.52245pt}.
(fancyhdr)                You might also make \topmargin smaller to compensate:
(fancyhdr)                \addtolength{\topmargin}{-12.52245pt}.

File: Graphics/0d430388ec86043008f3ddd51b87958a.jpeg Graphic file (type bmp)
<Graphics/0d430388ec86043008f3ddd51b87958a.jpeg>
[4]
File: Graphics/nav-logo.png Graphic file (type bmp)
<Graphics/nav-logo.png>


Package fancyhdr Warning: \headheight is too small (24.0pt): 
(fancyhdr)                Make it at least 36.52245pt, for example:
(fancyhdr)                \setlength{\headheight}{36.52245pt}.
(fancyhdr)                You might also make \topmargin smaller to compensate:
(fancyhdr)                \addtolength{\topmargin}{-12.52245pt}.

File: Graphics/0d430388ec86043008f3ddd51b87958a.jpeg Graphic file (type bmp)
<Graphics/0d430388ec86043008f3ddd51b87958a.jpeg>
[5]
File: Graphics/nav-logo.png Graphic file (type bmp)
<Graphics/nav-logo.png>


Package fancyhdr Warning: \headheight is too small (24.0pt): 
(fancyhdr)                Make it at least 36.52245pt, for example:
(fancyhdr)                \setlength{\headheight}{36.52245pt}.
(fancyhdr)                You might also make \topmargin smaller to compensate:
(fancyhdr)                \addtolength{\topmargin}{-12.52245pt}.

File: Graphics/0d430388ec86043008f3ddd51b87958a.jpeg Graphic file (type bmp)
<Graphics/0d430388ec86043008f3ddd51b87958a.jpeg>
[6]
File: Graphics/nav-logo.png Graphic file (type bmp)
<Graphics/nav-logo.png>


Package fancyhdr Warning: \headheight is too small (24.0pt): 
(fancyhdr)                Make it at least 36.52245pt, for example:
(fancyhdr)                \setlength{\headheight}{36.52245pt}.
(fancyhdr)                You might also make \topmargin smaller to compensate:
(fancyhdr)                \addtolength{\topmargin}{-12.52245pt}.

File: Graphics/0d430388ec86043008f3ddd51b87958a.jpeg Graphic file (type bmp)
<Graphics/0d430388ec86043008f3ddd51b87958a.jpeg>
[7]
Underfull \hbox (badness 10000) in paragraph at lines 138--140
[][]
 []


Underfull \hbox (badness 10000) in paragraph at lines 143--144
[][]
 []


Overfull \hbox (1.7561pt too wide) in paragraph at lines 145--146
[][][]\TU/lmroman10-regular(0)/m/n/18 Campaign[] \TU/BZar(0)/m/n/18 این صفحه اصلی ترین قسمت بازی هست جایی[]
 []


Underfull \hbox (badness 10000) in paragraph at lines 145--146
[][]
 []


Underfull \hbox (badness 10000) in paragraph at lines 148--149
[][]
 []


Underfull \hbox (badness 10000) in paragraph at lines 151--152
[][]
 []

File: Graphics/nav-logo.png Graphic file (type bmp)
<Graphics/nav-logo.png>

Package fancyhdr Warning: \headheight is too small (24.0pt): 
(fancyhdr)                Make it at least 36.52245pt, for example:
(fancyhdr)                \setlength{\headheight}{36.52245pt}.
(fancyhdr)                You might also make \topmargin smaller to compensate:
(fancyhdr)                \addtolength{\topmargin}{-12.52245pt}.

File: Graphics/0d430388ec86043008f3ddd51b87958a.jpeg Graphic file (type bmp)
<Graphics/0d430388ec86043008f3ddd51b87958a.jpeg>
[8]
Underfull \hbox (badness 10000) in paragraph at lines 154--155
[][]
 []


Overfull \hbox (2.95142pt too wide) in paragraph at lines 157--158
[][][]\TU/lmroman10-regular(0)/m/n/18 mainwindow[] \TU/BZar(0)/m/n/18 این کلاس اولین کلاسی هست که به نمایش[]
 []


Underfull \hbox (badness 10000) in paragraph at lines 157--158
[][]
 []

File: Graphics/nav-logo.png Graphic file (type bmp)
<Graphics/nav-logo.png>

Package fancyhdr Warning: \headheight is too small (24.0pt): 
(fancyhdr)                Make it at least 36.52245pt, for example:
(fancyhdr)                \setlength{\headheight}{36.52245pt}.
(fancyhdr)                You might also make \topmargin smaller to compensate:
(fancyhdr)                \addtolength{\topmargin}{-12.52245pt}.

File: Graphics/0d430388ec86043008f3ddd51b87958a.jpeg Graphic file (type bmp)
<Graphics/0d430388ec86043008f3ddd51b87958a.jpeg>
[9]
Underfull \hbox (badness 10000) in paragraph at lines 173--175
[][]
 []


Underfull \hbox (badness 10000) in paragraph at lines 176--177
[][]
 []


Underfull \hbox (badness 10000) in paragraph at lines 179--180
[][]
 []


Overfull \hbox (1.90202pt too wide) in paragraph at lines 182--183
[][][]\TU/lmroman10-regular(0)/m/n/18 showcards[] \TU/BZar(0)/m/n/18 در این صفحه کارت هایی که به صورت شانسی[]
 []


Underfull \hbox (badness 10000) in paragraph at lines 182--183
[][]
 []

File: Graphics/nav-logo.png Graphic file (type bmp)
<Graphics/nav-logo.png>

Package fancyhdr Warning: \headheight is too small (24.0pt): 
(fancyhdr)                Make it at least 36.52245pt, for example:
(fancyhdr)                \setlength{\headheight}{36.52245pt}.
(fancyhdr)                You might also make \topmargin smaller to compensate:
(fancyhdr)                \addtolength{\topmargin}{-12.52245pt}.

File: Graphics/0d430388ec86043008f3ddd51b87958a.jpeg Graphic file (type bmp)
<Graphics/0d430388ec86043008f3ddd51b87958a.jpeg>
[10]
Overfull \hbox (38.25713pt too wide) in paragraph at lines 187--192
[]\TU/BZar(0)/m/n/18 دو متغیر خصوصی نیز با نام های []\TU/lmroman10-regular(0)/m/n/18 playersNumber[] \TU/BZar(0)/m/n/18 ، []\TU/lmroman10-regular(0)/m/n/18 playerID[] []
 []


Overfull \hbox (4.90938pt too wide) in paragraph at lines 187--192
[]\TU/BZar(0)/m/n/18 صفحه هست و دیگری برای اطلاعات بازیکنان []\TU/lmroman10-regular(0)/m/n/18 get_player[] []
 []


Underfull \hbox (badness 10000) in paragraph at lines 187--192
[][]
 []


Underfull \hbox (badness 10000) in paragraph at lines 193--194
[][]
 []

File: Graphics/nav-logo.png Graphic file (type bmp)
<Graphics/nav-logo.png>

Package fancyhdr Warning: \headheight is too small (24.0pt): 
(fancyhdr)                Make it at least 36.52245pt, for example:
(fancyhdr)                \setlength{\headheight}{36.52245pt}.
(fancyhdr)                You might also make \topmargin smaller to compensate:
(fancyhdr)                \addtolength{\topmargin}{-12.52245pt}.

File: Graphics/0d430388ec86043008f3ddd51b87958a.jpeg Graphic file (type bmp)
<Graphics/0d430388ec86043008f3ddd51b87958a.jpeg>
[11]
Underfull \hbox (badness 10000) in paragraph at lines 202--203
[][]
 []


Overfull \hbox (22.32434pt too wide) in paragraph at lines 204--207
[]\TU/BZar(0)/m/n/18 شامل ۱۴ استان میشوند این استان ها با استفاده از []\TU/lmroman10-regular(0)/m/n/18 unordered_map[][]
 []

File: Graphics/nav-logo.png Graphic file (type bmp)
<Graphics/nav-logo.png>

Package fancyhdr Warning: \headheight is too small (24.0pt): 
(fancyhdr)                Make it at least 36.52245pt, for example:
(fancyhdr)                \setlength{\headheight}{36.52245pt}.
(fancyhdr)                You might also make \topmargin smaller to compensate:
(fancyhdr)                \addtolength{\topmargin}{-12.52245pt}.

File: Graphics/0d430388ec86043008f3ddd51b87958a.jpeg Graphic file (type bmp)
<Graphics/0d430388ec86043008f3ddd51b87958a.jpeg>
[12]
Underfull \hbox (badness 10000) in paragraph at lines 221--223
[][]
 []

File: Graphics/nav-logo.png Graphic file (type bmp)
<Graphics/nav-logo.png>

Package fancyhdr Warning: \headheight is too small (24.0pt): 
(fancyhdr)                Make it at least 36.52245pt, for example:
(fancyhdr)                \setlength{\headheight}{36.52245pt}.
(fancyhdr)                You might also make \topmargin smaller to compensate:
(fancyhdr)                \addtolength{\topmargin}{-12.52245pt}.

File: Graphics/0d430388ec86043008f3ddd51b87958a.jpeg Graphic file (type bmp)
<Graphics/0d430388ec86043008f3ddd51b87958a.jpeg>
[13]
Underfull \hbox (badness 10000) in paragraph at lines 260--263
[][]
 []

File: Graphics/nav-logo.png Graphic file (type bmp)
<Graphics/nav-logo.png>

Package fancyhdr Warning: \headheight is too small (24.0pt): 
(fancyhdr)                Make it at least 36.52245pt, for example:
(fancyhdr)                \setlength{\headheight}{36.52245pt}.
(fancyhdr)                You might also make \topmargin smaller to compensate:
(fancyhdr)                \addtolength{\topmargin}{-12.52245pt}.

File: Graphics/0d430388ec86043008f3ddd51b87958a.jpeg Graphic file (type bmp)
<Graphics/0d430388ec86043008f3ddd51b87958a.jpeg>
[14]
File: Graphics/nav-logo.png Graphic file (type bmp)
<Graphics/nav-logo.png>


Package fancyhdr Warning: \headheight is too small (24.0pt): 
(fancyhdr)                Make it at least 36.52245pt, for example:
(fancyhdr)                \setlength{\headheight}{36.52245pt}.
(fancyhdr)                You might also make \topmargin smaller to compensate:
(fancyhdr)                \addtolength{\topmargin}{-12.52245pt}.

File: Graphics/0d430388ec86043008f3ddd51b87958a.jpeg Graphic file (type bmp)
<Graphics/0d430388ec86043008f3ddd51b87958a.jpeg>
[15]
Underfull \hbox (badness 10000) in paragraph at lines 293--294
[][]
 []


Overfull \hbox (2.3174pt too wide) in paragraph at lines 297--298
[][][]\TU/lmroman10-regular(0)/m/n/18 applyFeature[] \TU/BZar(0)/m/n/18 این تابع نیز برای اعمال ویژگی کارت است []
 []

File: Graphics/nav-logo.png Graphic file (type bmp)
<Graphics/nav-logo.png>

Package fancyhdr Warning: \headheight is too small (24.0pt): 
(fancyhdr)                Make it at least 36.52245pt, for example:
(fancyhdr)                \setlength{\headheight}{36.52245pt}.
(fancyhdr)                You might also make \topmargin smaller to compensate:
(fancyhdr)                \addtolength{\topmargin}{-12.52245pt}.

File: Graphics/0d430388ec86043008f3ddd51b87958a.jpeg Graphic file (type bmp)
<Graphics/0d430388ec86043008f3ddd51b87958a.jpeg>
[16]
File: Graphics/nav-logo.png Graphic file (type bmp)
<Graphics/nav-logo.png>


Package fancyhdr Warning: \headheight is too small (24.0pt): 
(fancyhdr)                Make it at least 36.52245pt, for example:
(fancyhdr)                \setlength{\headheight}{36.52245pt}.
(fancyhdr)                You might also make \topmargin smaller to compensate:
(fancyhdr)                \addtolength{\topmargin}{-12.52245pt}.

File: Graphics/0d430388ec86043008f3ddd51b87958a.jpeg Graphic file (type bmp)
<Graphics/0d430388ec86043008f3ddd51b87958a.jpeg>
[17]
File: Graphics/nav-logo.png Graphic file (type bmp)
<Graphics/nav-logo.png>


Package fancyhdr Warning: \headheight is too small (24.0pt): 
(fancyhdr)                Make it at least 36.52245pt, for example:
(fancyhdr)                \setlength{\headheight}{36.52245pt}.
(fancyhdr)                You might also make \topmargin smaller to compensate:
(fancyhdr)                \addtolength{\topmargin}{-12.52245pt}.

File: Graphics/0d430388ec86043008f3ddd51b87958a.jpeg Graphic file (type bmp)
<Graphics/0d430388ec86043008f3ddd51b87958a.jpeg>
[18]
Underfull \hbox (badness 10000) in paragraph at lines 356--357
[][]
 []

File: Graphics/nav-logo.png Graphic file (type bmp)
<Graphics/nav-logo.png>

Package fancyhdr Warning: \headheight is too small (24.0pt): 
(fancyhdr)                Make it at least 36.52245pt, for example:
(fancyhdr)                \setlength{\headheight}{36.52245pt}.
(fancyhdr)                You might also make \topmargin smaller to compensate:
(fancyhdr)                \addtolength{\topmargin}{-12.52245pt}.

File: Graphics/0d430388ec86043008f3ddd51b87958a.jpeg Graphic file (type bmp)
<Graphics/0d430388ec86043008f3ddd51b87958a.jpeg>
[19]
Missing character: There is no ن (U+0646) in font [lmroman10-regular]/OT:script=latn;language=dflt;mapping=tex-text;!
Missing character: There is no ا (U+0627) in font [lmroman10-regular]/OT:script=latn;language=dflt;mapping=tex-text;!
Missing character: There is no م (U+0645) in font [lmroman10-regular]/OT:script=latn;language=dflt;mapping=tex-text;!
Missing character: There is no ا (U+0627) in font [lmroman10-regular]/OT:script=latn;language=dflt;mapping=tex-text;!
Missing character: There is no س (U+0633) in font [lmroman10-regular]/OT:script=latn;language=dflt;mapping=tex-text;!
Missing character: There is no ت (U+062A) in font [lmroman10-regular]/OT:script=latn;language=dflt;mapping=tex-text;!
Missing character: There is no ا (U+0627) in font [lmroman10-regular]/OT:script=latn;language=dflt;mapping=tex-text;!
Missing character: There is no ن (U+0646) in font [lmroman10-regular]/OT:script=latn;language=dflt;mapping=tex-text;!
Missing character: There is no ق (U+0642) in font [lmroman10-regular]/OT:script=latn;language=dflt;mapping=tex-text;!
Missing character: There is no ر (U+0631) in font [lmroman10-regular]/OT:script=latn;language=dflt;mapping=tex-text;!
Missing character: There is no ا (U+0627) in font [lmroman10-regular]/OT:script=latn;language=dflt;mapping=tex-text;!
Missing character: There is no ر (U+0631) in font [lmroman10-regular]/OT:script=latn;language=dflt;mapping=tex-text;!
Missing character: There is no د (U+062F) in font [lmroman10-regular]/OT:script=latn;language=dflt;mapping=tex-text;!
Missing character: There is no ا (U+0627) in font [lmroman10-regular]/OT:script=latn;language=dflt;mapping=tex-text;!
Missing character: There is no د (U+062F) in font [lmroman10-regular]/OT:script=latn;language=dflt;mapping=tex-text;!
Missing character: There is no ن (U+0646) in font [lmroman10-regular]/OT:script=latn;language=dflt;mapping=tex-text;!
Missing character: There is no ن (U+0646) in font [lmroman10-regular]/OT:script=latn;language=dflt;mapping=tex-text;!
Missing character: There is no ش (U+0634) in font [lmroman10-regular]/OT:script=latn;language=dflt;mapping=tex-text;!
Missing character: There is no ا (U+0627) in font [lmroman10-regular]/OT:script=latn;language=dflt;mapping=tex-text;!
Missing character: There is no ن (U+0646) in font [lmroman10-regular]/OT:script=latn;language=dflt;mapping=tex-text;!
Missing character: There is no ف (U+0641) in font [lmroman10-regular]/OT:script=latn;language=dflt;mapping=tex-text;!
Missing character: There is no ا (U+0627) in font [lmroman10-regular]/OT:script=latn;language=dflt;mapping=tex-text;!
Missing character: There is no ت (U+062A) in font [lmroman10-regular]/OT:script=latn;language=dflt;mapping=tex-text;!
Missing character: There is no ح (U+062D) in font [lmroman10-regular]/OT:script=latn;language=dflt;mapping=tex-text;!
Missing character: There is no ا (U+0627) in font [lmroman10-regular]/OT:script=latn;language=dflt;mapping=tex-text;!
Missing character: There is no س (U+0633) in font [lmroman10-regular]/OT:script=latn;language=dflt;mapping=tex-text;!
Missing character: There is no ت (U+062A) in font [lmroman10-regular]/OT:script=latn;language=dflt;mapping=tex-text;!
Missing character: There is no ا (U+0627) in font [lmroman10-regular]/OT:script=latn;language=dflt;mapping=tex-text;!
Missing character: There is no ن (U+0646) in font [lmroman10-regular]/OT:script=latn;language=dflt;mapping=tex-text;!

Underfull \hbox (badness 10000) in paragraph at lines 381--382
[][]
 []

File: Graphics/nav-logo.png Graphic file (type bmp)
<Graphics/nav-logo.png>

Package fancyhdr Warning: \headheight is too small (24.0pt): 
(fancyhdr)                Make it at least 36.52245pt, for example:
(fancyhdr)                \setlength{\headheight}{36.52245pt}.
(fancyhdr)                You might also make \topmargin smaller to compensate:
(fancyhdr)                \addtolength{\topmargin}{-12.52245pt}.

File: Graphics/0d430388ec86043008f3ddd51b87958a.jpeg Graphic file (type bmp)
<Graphics/0d430388ec86043008f3ddd51b87958a.jpeg>
[20]
Overfull \hbox (15.00752pt too wide) in paragraph at lines 390--391
[][][]\TU/lmroman10-regular(0)/m/n/18 getPlayedCards[] \TU/BZar(0)/m/n/18 برای ارسال کارت های بازی شده بازیکن []
 []


Overfull \hbox (8.67351pt too wide) in paragraph at lines 397--398
[][][]\TU/lmroman10-regular(0)/m/n/18 push_to_playedCards[] \TU/BZar(0)/m/n/18 افزودن به کارت های مصرف[]
 []

File: Graphics/nav-logo.png Graphic file (type bmp)
<Graphics/nav-logo.png>

Package fancyhdr Warning: \headheight is too small (24.0pt): 
(fancyhdr)                Make it at least 36.52245pt, for example:
(fancyhdr)                \setlength{\headheight}{36.52245pt}.
(fancyhdr)                You might also make \topmargin smaller to compensate:
(fancyhdr)                \addtolength{\topmargin}{-12.52245pt}.

File: Graphics/0d430388ec86043008f3ddd51b87958a.jpeg Graphic file (type bmp)
<Graphics/0d430388ec86043008f3ddd51b87958a.jpeg>
[21]
File: Graphics/0d430388ec86043008f3ddd51b87958a.jpeg Graphic file (type bmp)
<Graphics/0d430388ec86043008f3ddd51b87958a.jpeg>
 [22

]
Overfull \hbox (6.39075pt too wide) in paragraph at lines 410--411
[][]\TU/BZar(0)/m/n/18 پیاده سازی ماهیت استان ها با استفاده از []\TU/lmroman10-regular(0)/m/n/18 unordered_map[] []
 []

File: Graphics/nav-logo.png Graphic file (type bmp)
<Graphics/nav-logo.png>

Package fancyhdr Warning: \headheight is too small (24.0pt): 
(fancyhdr)                Make it at least 36.52245pt, for example:
(fancyhdr)                \setlength{\headheight}{36.52245pt}.
(fancyhdr)                You might also make \topmargin smaller to compensate:
(fancyhdr)                \addtolength{\topmargin}{-12.52245pt}.

File: Graphics/0d430388ec86043008f3ddd51b87958a.jpeg Graphic file (type bmp)
<Graphics/0d430388ec86043008f3ddd51b87958a.jpeg>
[23]
File: Graphics/0d430388ec86043008f3ddd51b87958a.jpeg Graphic file (type bmp)
<Graphics/0d430388ec86043008f3ddd51b87958a.jpeg>
 [24

]

Package hyperref Warning: Difference (2) between bookmark levels is greater 
(hyperref)                than one, level fixed on input line 420.

File: Graphics/nav-logo.png Graphic file (type bmp)
<Graphics/nav-logo.png>

Package fancyhdr Warning: \headheight is too small (24.0pt): 
(fancyhdr)                Make it at least 36.52245pt, for example:
(fancyhdr)                \setlength{\headheight}{36.52245pt}.
(fancyhdr)                You might also make \topmargin smaller to compensate:
(fancyhdr)                \addtolength{\topmargin}{-12.52245pt}.

File: Graphics/0d430388ec86043008f3ddd51b87958a.jpeg Graphic file (type bmp)
<Graphics/0d430388ec86043008f3ddd51b87958a.jpeg>
[25]
File: Graphics/0d430388ec86043008f3ddd51b87958a.jpeg Graphic file (type bmp)
<Graphics/0d430388ec86043008f3ddd51b87958a.jpeg>
 [26

]
Underfull \hbox (badness 10000) in paragraph at lines 429--430
[][]
 []

File: Graphics/nav-logo.png Graphic file (type bmp)
<Graphics/nav-logo.png>

Package fancyhdr Warning: \headheight is too small (24.0pt): 
(fancyhdr)                Make it at least 36.52245pt, for example:
(fancyhdr)                \setlength{\headheight}{36.52245pt}.
(fancyhdr)                You might also make \topmargin smaller to compensate:
(fancyhdr)                \addtolength{\topmargin}{-12.52245pt}.

File: Graphics/0d430388ec86043008f3ddd51b87958a.jpeg Graphic file (type bmp)
<Graphics/0d430388ec86043008f3ddd51b87958a.jpeg>
[27] (./WorkReport.aux)

LaTeX Font Warning: Size substitutions with differences
(Font)              up to 0.85994pt have occurred.


LaTeX Font Warning: Some font shapes were not available, defaults substituted.

Package rerunfilecheck Info: File `WorkReport.out' has not changed.
(rerunfilecheck)             Checksum: 14BD707F1EBC5BCCAB660D82E4AA0F6B;2381.
 ) 
Here is how much of TeX's memory you used:
 23709 strings out of 478190
 501239 string characters out of 5854827
 901806 words of memory out of 5000000
 43843 multiletter control sequences out of 15000+600000
 475357 words of font info for 79 fonts, out of 8000000 for 9000
 14 hyphenation exceptions out of 8191
 99i,13n,103p,1114b,916s stack positions out of 5000i,500n,10000p,200000b,80000s

Output written on WorkReport.xdv (31 pages, 209472 bytes).
